app/build/intermediates/manifest_merge_blame_file/debug/manifest-merger-blame-debug-report.txt
1<?xml version="1.0" encoding="utf-8"?>
2<manifest xmlns:android="http://schemas.android.com/apk/res/android"
3    package="com.parkiezmobility.parkiez"
4    android:versionCode="6"
5    android:versionName="3.2.1" >
6
7    <uses-sdk
8        android:minSdkVersion="19"
8-->src\main\AndroidManifest.xml
9        android:targetSdkVersion="30" />
9-->src\main\AndroidManifest.xml
10
11    <uses-feature
11-->src\main\AndroidManifest.xml:6:5-8:35
12        android:name="android.hardware.location"
12-->src\main\AndroidManifest.xml:7:9-49
13        android:required="true" />
13-->src\main\AndroidManifest.xml:8:9-32
14    <uses-feature
14-->src\main\AndroidManifest.xml:9:5-11:36
15        android:name="android.hardware.location.gps"
15-->src\main\AndroidManifest.xml:10:9-53
16        android:required="false" />
16-->src\main\AndroidManifest.xml:11:9-33
17
18    <uses-permission android:name="android.permission.ACCESS_FINE_LOCATION" />
18-->src\main\AndroidManifest.xml:13:5-79
18-->src\main\AndroidManifest.xml:13:22-76
19    <uses-permission android:name="android.permission.ACCESS_COARSE_LOCATION" />
19-->src\main\AndroidManifest.xml:14:5-81
19-->src\main\AndroidManifest.xml:14:22-78
20    <uses-permission android:name="android.permission.INTERNET" />
20-->src\main\AndroidManifest.xml:15:5-67
20-->src\main\AndroidManifest.xml:15:22-64
21    <uses-permission android:name="android.permission.ACCESS_WIFI_STATE" />
21-->src\main\AndroidManifest.xml:16:5-76
21-->src\main\AndroidManifest.xml:16:22-73
22    <uses-permission android:name="android.permission.ACCESS_NETWORK_STATE" />
22-->src\main\AndroidManifest.xml:17:5-79
22-->src\main\AndroidManifest.xml:17:22-76
23    <uses-permission android:name="android.permission.VIBRATE" />
23-->src\main\AndroidManifest.xml:18:5-66
23-->src\main\AndroidManifest.xml:18:22-63
24    <uses-permission android:name="android.permission.CALL_PHONE" />
24-->src\main\AndroidManifest.xml:19:5-69
24-->src\main\AndroidManifest.xml:19:22-66
25
26    <uses-feature
26-->[com.google.android.gms:play-services-maps:17.0.0] AndroidManifest.xml:26:5-28:35
27        android:glEsVersion="0x00020000"
27-->[com.google.android.gms:play-services-maps:17.0.0] AndroidManifest.xml:27:9-41
28        android:required="true" />
28-->[com.google.android.gms:play-services-maps:17.0.0] AndroidManifest.xml:28:9-32
29
30    <application
30-->src\main\AndroidManifest.xml:21:5-120:19
31        android:name="androidx.multidex.MultiDexApplication"
31-->src\main\AndroidManifest.xml:22:9-61
32        android:allowBackup="true"
32-->src\main\AndroidManifest.xml:23:9-35
33        android:appComponentFactory="androidx.core.app.CoreComponentFactory"
33-->[androidx.core:core:1.5.0] AndroidManifest.xml:24:18-86
34        android:configChanges="orientation|keyboardHidden|screenSize"
34-->src\main\AndroidManifest.xml:24:9-70
35        android:debuggable="true"
35-->src\main\AndroidManifest.xml:25:9-34
36        android:icon="@mipmap/ic_icon"
36-->src\main\AndroidManifest.xml:26:9-39
37        android:label="@string/app_name"
37-->src\main\AndroidManifest.xml:27:9-41
38        android:networkSecurityConfig="@xml/network_security_config"
38-->src\main\AndroidManifest.xml:28:9-69
39        android:screenOrientation="portrait"
39-->src\main\AndroidManifest.xml:29:9-45
40        android:supportsRtl="true"
40-->src\main\AndroidManifest.xml:30:9-35
41        android:testOnly="true"
42        android:theme="@style/AppTheme"
42-->src\main\AndroidManifest.xml:31:9-40
43        android:usesCleartextTraffic="true" >
43-->src\main\AndroidManifest.xml:32:9-44
44        <activity
44-->src\main\AndroidManifest.xml:34:9-36:40
45            android:name="com.parkiezmobility.parkiez.Activities.Third_party"
45-->src\main\AndroidManifest.xml:35:13-51
46            android:exported="false" />
46-->src\main\AndroidManifest.xml:36:13-37
47        <activity android:name="com.parkiezmobility.parkiez.Activities.BaseActivity" />
47-->src\main\AndroidManifest.xml:37:9-61
47-->src\main\AndroidManifest.xml:37:19-58
48        <activity
48-->src\main\AndroidManifest.xml:38:9-50:20
49            android:name="com.parkiezmobility.parkiez.MainActivity"
49-->src\main\AndroidManifest.xml:39:13-41
50            android:screenOrientation="portrait"
50-->src\main\AndroidManifest.xml:40:13-49
51            android:theme="@style/AppTheme.NoActionBar"
51-->src\main\AndroidManifest.xml:41:13-56
52            android:windowSoftInputMode="stateHidden" >
52-->src\main\AndroidManifest.xml:42:13-54
53
54            <!-- <intent-filter> -->
55            <!-- <action android:name="android.intent.action.MAIN" /> -->
56
57
58            <!-- <category android:name="android.intent.category.LAUNCHER" /> -->
59            <!-- </intent-filter> -->
60        </activity>
61        <!--
62             The API key for Google Maps-based APIs is defined as a string resource.
63             (See the file "res/values/google_maps_api.xml").
64             Note that the API key is linked to the encryption key used to sign the APK.
65             You need a different API key for each encryption key, including the release key that is used to
66             sign the APK for publishing.
67             You can define the keys for the debug and release targets in src/debug/ and src/release/.
68        -->
69        <activity
69-->src\main\AndroidManifest.xml:59:9-65:76
70            android:name="com.parkiezmobility.parkiez.Activities.Login"
70-->src\main\AndroidManifest.xml:60:13-45
71            android:label="@string/title_activity_login"
71-->src\main\AndroidManifest.xml:61:13-57
72            android:noHistory="true"
72-->src\main\AndroidManifest.xml:62:13-37
73            android:screenOrientation="portrait"
73-->src\main\AndroidManifest.xml:63:13-49
74            android:theme="@style/AppTheme.NoActionBar"
74-->src\main\AndroidManifest.xml:64:13-56
75            android:windowSoftInputMode="adjustResize|stateAlwaysHidden" />
75-->src\main\AndroidManifest.xml:65:13-73
76        <activity
76-->src\main\AndroidManifest.xml:66:9-72:57
77            android:name="com.parkiezmobility.parkiez.Activities.Registration"
77-->src\main\AndroidManifest.xml:67:13-52
78            android:label="@string/title_activity_registration"
78-->src\main\AndroidManifest.xml:68:13-64
79            android:noHistory="true"
79-->src\main\AndroidManifest.xml:69:13-37
80            android:screenOrientation="portrait"
80-->src\main\AndroidManifest.xml:70:13-49
81            android:theme="@style/AppTheme.NoActionBar"
81-->src\main\AndroidManifest.xml:71:13-56
82            android:windowSoftInputMode="stateHidden" />
82-->src\main\AndroidManifest.xml:72:13-54
83        <activity
83-->src\main\AndroidManifest.xml:73:9-79:57
84            android:name="com.parkiezmobility.parkiez.Activities.PaymentSelection"
84-->src\main\AndroidManifest.xml:74:13-56
85            android:label="@string/title_activity_payment_selection"
85-->src\main\AndroidManifest.xml:75:13-69
86            android:noHistory="true"
86-->src\main\AndroidManifest.xml:76:13-37
87            android:screenOrientation="portrait"
87-->src\main\AndroidManifest.xml:77:13-49
88            android:theme="@style/AppTheme.NoActionBar"
88-->src\main\AndroidManifest.xml:78:13-56
89            android:windowSoftInputMode="stateHidden" />
89-->src\main\AndroidManifest.xml:79:13-54
90        <activity
90-->src\main\AndroidManifest.xml:80:9-86:57
91            android:name="com.parkiezmobility.parkiez.Activities.CCAvenueGateway"
91-->src\main\AndroidManifest.xml:81:13-55
92            android:label="@string/title_activity_ccavenue_gateway"
92-->src\main\AndroidManifest.xml:82:13-68
93            android:noHistory="true"
93-->src\main\AndroidManifest.xml:83:13-37
94            android:screenOrientation="portrait"
94-->src\main\AndroidManifest.xml:84:13-49
95            android:theme="@style/AppTheme.NoActionBar"
95-->src\main\AndroidManifest.xml:85:13-56
96            android:windowSoftInputMode="stateHidden" />
96-->src\main\AndroidManifest.xml:86:13-54
97        <activity
97-->src\main\AndroidManifest.xml:87:9-93:57
98            android:name="com.parkiezmobility.parkiez.Activities.PaymentComplete"
98-->src\main\AndroidManifest.xml:88:13-55
99            android:label="@string/title_activity_payment_complete"
99-->src\main\AndroidManifest.xml:89:13-68
100            android:noHistory="true"
100-->src\main\AndroidManifest.xml:90:13-37
101            android:screenOrientation="portrait"
101-->src\main\AndroidManifest.xml:91:13-49
102            android:theme="@style/AppTheme.NoActionBar"
102-->src\main\AndroidManifest.xml:92:13-56
103            android:windowSoftInputMode="stateHidden" />
103-->src\main\AndroidManifest.xml:93:13-54
104        <activity
104-->src\main\AndroidManifest.xml:94:9-103:20
105            android:name="com.parkiezmobility.parkiez.Activities.SplashActivity"
105-->src\main\AndroidManifest.xml:95:13-54
106            android:screenOrientation="portrait"
106-->src\main\AndroidManifest.xml:96:13-49
107            android:theme="@style/AppTheme.NoActionBar" >
107-->src\main\AndroidManifest.xml:97:13-56
108            <intent-filter>
108-->src\main\AndroidManifest.xml:98:13-102:29
109                <action android:name="android.intent.action.MAIN" />
109-->src\main\AndroidManifest.xml:99:17-69
109-->src\main\AndroidManifest.xml:99:25-66
110
111                <category android:name="android.intent.category.LAUNCHER" />
111-->src\main\AndroidManifest.xml:101:17-77
111-->src\main\AndroidManifest.xml:101:27-74
112            </intent-filter>
113        </activity>
114        <activity
114-->src\main\AndroidManifest.xml:104:9-108:57
115            android:name="com.parkiezmobility.parkiez.Activities.OTPVerification"
115-->src\main\AndroidManifest.xml:105:13-55
116            android:screenOrientation="portrait"
116-->src\main\AndroidManifest.xml:106:13-49
117            android:theme="@style/AppTheme.NoActionBar"
117-->src\main\AndroidManifest.xml:107:13-56
118            android:windowSoftInputMode="stateHidden" />
118-->src\main\AndroidManifest.xml:108:13-54
119
120        <meta-data
120-->src\main\AndroidManifest.xml:110:9-112:55
121            android:name="com.google.android.geo.API_KEY"
121-->src\main\AndroidManifest.xml:111:13-58
122            android:value="@string/google_maps_key" />
122-->src\main\AndroidManifest.xml:112:13-52
123        <meta-data
123-->src\main\AndroidManifest.xml:113:9-115:69
124            android:name="com.google.android.gms.version"
124-->src\main\AndroidManifest.xml:114:13-58
125            android:value="@integer/google_play_services_version" />
125-->src\main\AndroidManifest.xml:115:13-66
126
127        <uses-library
127-->src\main\AndroidManifest.xml:117:9-119:40
128            android:name="org.apache.http.legacy"
128-->src\main\AndroidManifest.xml:118:13-50
129            android:required="false" />
129-->src\main\AndroidManifest.xml:119:13-37
130
131        <activity
131-->[com.google.android.libraries.places:places:2.5.0] AndroidManifest.xml:14:9-20:20
132            android:name="com.google.android.libraries.places.widget.AutocompleteActivity"
132-->[com.google.android.libraries.places:places:2.5.0] AndroidManifest.xml:15:13-91
133            android:exported="false"
133-->[com.google.android.libraries.places:places:2.5.0] AndroidManifest.xml:16:13-37
134            android:label="@string/places_autocomplete_label"
134-->[com.google.android.libraries.places:places:2.5.0] AndroidManifest.xml:17:13-62
135            android:theme="@style/PlacesAutocompleteOverlay"
135-->[com.google.android.libraries.places:places:2.5.0] AndroidManifest.xml:18:13-61
136            android:windowSoftInputMode="adjustResize" >
136-->[com.google.android.libraries.places:places:2.5.0] AndroidManifest.xml:19:13-55
137        </activity>
138
139        <receiver android:name="com.razorpay.RzpTokenReceiver" >
139-->[com.razorpay:checkout:1.6.8] AndroidManifest.xml:12:9-16:20
139-->[com.razorpay:checkout:1.6.8] AndroidManifest.xml:12:19-63
140            <intent-filter>
140-->[com.razorpay:checkout:1.6.8] AndroidManifest.xml:13:13-15:29
141                <action android:name="rzp.device_token.share" />
141-->[com.razorpay:checkout:1.6.8] AndroidManifest.xml:14:17-65
141-->[com.razorpay:checkout:1.6.8] AndroidManifest.xml:14:25-62
142            </intent-filter>
143        </receiver>
144
145        <activity
145-->[com.razorpay:checkout:1.6.8] AndroidManifest.xml:18:9-29:20
146            android:name="com.razorpay.CheckoutActivity"
146-->[com.razorpay:checkout:1.6.8] AndroidManifest.xml:19:13-57
147            android:configChanges="keyboard|keyboardHidden|orientation|screenSize"
147-->[com.razorpay:checkout:1.6.8] AndroidManifest.xml:20:13-83
148            android:theme="@style/CheckoutTheme" >
148-->[com.razorpay:checkout:1.6.8] AndroidManifest.xml:21:13-49
149            <intent-filter>
149-->[com.razorpay:checkout:1.6.8] AndroidManifest.xml:22:13-28:29
150                <action android:name="android.intent.action.MAIN" />
150-->src\main\AndroidManifest.xml:99:17-69
150-->src\main\AndroidManifest.xml:99:25-66
151
152                <data
152-->[com.razorpay:checkout:1.6.8] AndroidManifest.xml:25:17-27:47
153                    android:host="rzp.io"
153-->[com.razorpay:checkout:1.6.8] AndroidManifest.xml:26:21-42
154                    android:scheme="io.rzp" />
154-->[com.razorpay:checkout:1.6.8] AndroidManifest.xml:27:21-44
155            </intent-filter>
156        </activity>
157        <activity
157-->[com.google.android.gms:play-services-auth:17.0.0] AndroidManifest.xml:23:9-27:75
158            android:name="com.google.android.gms.auth.api.signin.internal.SignInHubActivity"
158-->[com.google.android.gms:play-services-auth:17.0.0] AndroidManifest.xml:24:13-93
159            android:excludeFromRecents="true"
159-->[com.google.android.gms:play-services-auth:17.0.0] AndroidManifest.xml:25:13-46
160            android:exported="false"
160-->[com.google.android.gms:play-services-auth:17.0.0] AndroidManifest.xml:26:13-37
161            android:theme="@android:style/Theme.Translucent.NoTitleBar" />
161-->[com.google.android.gms:play-services-auth:17.0.0] AndroidManifest.xml:27:13-72
162        <!--
163            Service handling Google Sign-In user revocation. For apps that do not integrate with
164            Google Sign-In, this service will never be started.
165        -->
166        <service
166-->[com.google.android.gms:play-services-auth:17.0.0] AndroidManifest.xml:33:9-36:110
167            android:name="com.google.android.gms.auth.api.signin.RevocationBoundService"
167-->[com.google.android.gms:play-services-auth:17.0.0] AndroidManifest.xml:34:13-89
168            android:exported="true"
168-->[com.google.android.gms:play-services-auth:17.0.0] AndroidManifest.xml:35:13-36
169            android:permission="com.google.android.gms.auth.api.signin.permission.REVOCATION_NOTIFICATION" />
169-->[com.google.android.gms:play-services-auth:17.0.0] AndroidManifest.xml:36:13-107
170
171        <activity
171-->[com.google.android.gms:play-services-base:17.2.1] AndroidManifest.xml:23:9-26:75
172            android:name="com.google.android.gms.common.api.GoogleApiActivity"
172-->[com.google.android.gms:play-services-base:17.2.1] AndroidManifest.xml:24:13-79
173            android:exported="false"
173-->[com.google.android.gms:play-services-base:17.2.1] AndroidManifest.xml:25:13-37
174            android:theme="@android:style/Theme.Translucent.NoTitleBar" />
174-->[com.google.android.gms:play-services-base:17.2.1] AndroidManifest.xml:26:13-72
175
176        <service
176-->[com.google.android.datatransport:transport-backend-cct:2.3.0] AndroidManifest.xml:29:9-35:19
177            android:name="com.google.android.datatransport.runtime.backends.TransportBackendDiscovery"
177-->[com.google.android.datatransport:transport-backend-cct:2.3.0] AndroidManifest.xml:30:13-103
178            android:exported="false" >
178-->[com.google.android.datatransport:transport-backend-cct:2.3.0] AndroidManifest.xml:31:13-37
179            <meta-data
179-->[com.google.android.datatransport:transport-backend-cct:2.3.0] AndroidManifest.xml:32:13-34:39
180                android:name="backend:com.google.android.datatransport.cct.CctBackendFactory"
180-->[com.google.android.datatransport:transport-backend-cct:2.3.0] AndroidManifest.xml:33:17-94
181                android:value="cct" />
181-->[com.google.android.datatransport:transport-backend-cct:2.3.0] AndroidManifest.xml:34:17-36
182        </service>
183        <service
183-->[com.google.android.datatransport:transport-runtime:2.2.3] AndroidManifest.xml:26:9-30:19
184            android:name="com.google.android.datatransport.runtime.scheduling.jobscheduling.JobInfoSchedulerService"
184-->[com.google.android.datatransport:transport-runtime:2.2.3] AndroidManifest.xml:27:13-117
185            android:exported="false"
185-->[com.google.android.datatransport:transport-runtime:2.2.3] AndroidManifest.xml:28:13-37
186            android:permission="android.permission.BIND_JOB_SERVICE" >
186-->[com.google.android.datatransport:transport-runtime:2.2.3] AndroidManifest.xml:29:13-69
187        </service>
188
189        <receiver
189-->[com.google.android.datatransport:transport-runtime:2.2.3] AndroidManifest.xml:32:9-34:40
190            android:name="com.google.android.datatransport.runtime.scheduling.jobscheduling.AlarmManagerSchedulerBroadcastReceiver"
190-->[com.google.android.datatransport:transport-runtime:2.2.3] AndroidManifest.xml:33:13-132
191            android:exported="false" />
191-->[com.google.android.datatransport:transport-runtime:2.2.3] AndroidManifest.xml:34:13-37
192    </application>
193
194</manifest>